<?xml version="1.0" encoding="UTF-8"?>
<!-- Generated by org.testng.reporters.JUnitReportReporter -->
<testsuite skipped="0" hostname="DESKTOP-A15AP0F" name="com.healthCare.testCases.LoginPageTest" tests="2" failures="0" timestamp="2021-05-29T12:11:10 IST" time="25.886" errors="0">
  <testcase name="validateLoginPageTitle" time="12.896" classname="com.healthCare.testCases.LoginPageTest"/>
  <system-out/>
  <testcase name="logintoApplication" time="12.990" classname="com.healthCare.testCases.LoginPageTest"/>
  <system-out/>
</testsuite> <!-- com.healthCare.testCases.LoginPageTest -->
