<?xml version="1.0" encoding="UTF-8"?>
<!-- Generated by org.testng.reporters.JUnitReportReporter -->
<testsuite skipped="0" hostname="DESKTOP-A15AP0F" name="com.healthCare.testCases.LandingPageTest" tests="5" failures="0" timestamp="2021-05-29T12:11:10 IST" time="52.932" errors="0">
  <testcase name="validateTitleofPage" time="10.239" classname="com.healthCare.testCases.LandingPageTest"/>
  <system-out/>
  <testcase name="validateLoginPageFully" time="9.288" classname="com.healthCare.testCases.LandingPageTest"/>
  <system-out/>
  <testcase name="clickOnToggleBtn_Home" time="12.983" classname="com.healthCare.testCases.LandingPageTest"/>
  <system-out/>
  <testcase name="clickOnToggleBtn_Login" time="11.233" classname="com.healthCare.testCases.LandingPageTest"/>
  <system-out/>
  <testcase name="clickOnMakeAppontment" time="9.189" classname="com.healthCare.testCases.LandingPageTest"/>
  <system-out/>
</testsuite> <!-- com.healthCare.testCases.LandingPageTest -->
